#
# A fatal error has been detected by the Java Runtime Environment:
#
#  SIGSEGV (0xb) at pc=0x00007fcf3f6ef133, pid=6295, tid=6311
#
# JRE version: OpenJDK Runtime Environment (13.0.5.1+1) (build 13.0.5.1+1-Debian-1)
# Java VM: OpenJDK 64-Bit Server VM (13.0.5.1+1-Debian-1, mixed mode, tiered, compressed oops, g1 gc, linux-amd64)
# Problematic frame:
# C  [libjimage.so+0x3133]
#
# No core dump will be written. Core dumps have been disabled. To enable core dumping, try "ulimit -c unlimited" before starting Java again
#
# If you would like to submit a bug report, please visit:
#   https://bugs.debian.org/openjdk-13
#

---------------  S U M M A R Y ------------

Command Line: -agentlib:jdwp=transport=dt_socket,suspend=y,address=localhost:37689 -javaagent:/home/ramsey/.eclipse/org.eclipse.platform_4.21.0_1714436882_linux_gtk_x86_64/configuration/org.eclipse.osgi/217/0/.cp/lib/javaagent-shaded.jar -Dfile.encoding=UTF-8 demo.HOME

Host: Intel(R) Core(TM) i5-4210U CPU @ 1.70GHz, 4 cores, 3G, Parrot OS 4.11
Time: Sat Nov 13 01:30:21 2021 EST elapsed time: 14981 seconds (0d 4h 9m 41s)

---------------  T H R E A D  ---------------

Current thread (0x00007fcf3817f800):  JavaThread "Signal Dispatcher" daemon [_thread_in_vm, id=6311, stack(0x00007fcf1c141000,0x00007fcf1c242000)]

Stack: [0x00007fcf1c141000,0x00007fcf1c242000],  sp=0x00007fcf1c23f220,  free space=1016k
Native frames: (J=compiled Java code, A=aot compiled Java code, j=interpreted, Vv=VM code, C=native code)
C  [libjimage.so+0x3133]
C  [libjimage.so+0x3c7e]
C  [libjimage.so+0x4161]  JIMAGE_FindResource+0xe1
V  [libjvm.so+0x5ae842]
V  [libjvm.so+0x5b06d3]
V  [libjvm.so+0xe91636]
V  [libjvm.so+0xe900f2]
V  [libjvm.so+0xe92529]
V  [libjvm.so+0x65b7ab]
V  [libjvm.so+0x865652]
j  jdk.internal.misc.Signal.dispatch(I)V+25 java.base@13.0.5.1
v  ~StubRoutines::call_stub
V  [libjvm.so+0x86dbd9]
V  [libjvm.so+0x86cc9a]
V  [libjvm.so+0xc10d0b]
V  [libjvm.so+0xed675e]
V  [libjvm.so+0xedbaab]
V  [libjvm.so+0xc21657]

Java frames: (J=compiled Java code, j=interpreted, Vv=VM code)
j  jdk.internal.misc.Signal.dispatch(I)V+25 java.base@13.0.5.1
v  ~StubRoutines::call_stub

siginfo: si_signo: 11 (SIGSEGV), si_code: 1 (SEGV_MAPERR), si_addr: 0x00007fcf2f79ec44

Register to memory mapping:

RAX=0x00007fcf3f6f3c20: <offset 0x0000000000007c20> in /usr/lib/jvm/java-13-openjdk-amd64/lib/libjimage.so at 0x00007fcf3f6ec000
RBX=0x00007fcf1c23f2d1 is pointing into the stack for thread: 0x00007fcf3817f800
RCX=0x00007fcf1c23f2f3 is pointing into the stack for thread: 0x00007fcf3817f800
RDX=0x0000000000005b0a is an unknown value
RSP=0x00007fcf1c23f220 is pointing into the stack for thread: 0x00007fcf3817f800
RBP=0x00007fcf1c23f240 is pointing into the stack for thread: 0x00007fcf3817f800
RSI=0x00007fcf2f78801c is an unknown value
RDI=0x00007fcf3f6f4130: <offset 0x0000000000008130> in /usr/lib/jvm/java-13-openjdk-amd64/lib/libjimage.so at 0x00007fcf3f6ec000
R8 =0x00007fcf1c240368 is pointing into the stack for thread: 0x00007fcf3817f800
R9 =0x00007fcf38181170 points into unknown readable memory: 02 00 00 00 00 00 00 00
R10=0x0000000000000031 is an unknown value
R11=0x0 is NULL
R12=0x0000000000008465 is an unknown value
R13=0x00007fcf1c23f2d0 is pointing into the stack for thread: 0x00007fcf3817f800
R14=0x0 is NULL
R15=0x00007fcf38180270 points into unknown readable memory: 6a 64 6b 2f 69 6e 74 65


Registers:
RAX=0x00007fcf3f6f3c20, RBX=0x00007fcf1c23f2d1, RCX=0x00007fcf1c23f2f3, RDX=0x0000000000005b0a
RSP=0x00007fcf1c23f220, RBP=0x00007fcf1c23f240, RSI=0x00007fcf2f78801c, RDI=0x00007fcf3f6f4130
R8 =0x00007fcf1c240368, R9 =0x00007fcf38181170, R10=0x0000000000000031, R11=0x0000000000000000
R12=0x0000000000008465, R13=0x00007fcf1c23f2d0, R14=0x0000000000000000, R15=0x00007fcf38180270
RIP=0x00007fcf3f6ef133, EFLAGS=0x0000000000010246, CSGSFS=0x002b000000000033, ERR=0x0000000000000004
  TRAPNO=0x000000000000000e

Top of Stack: (sp=0x00007fcf1c23f220)
0x00007fcf1c23f220:   0000000000000000 00007fcf1c240368
0x00007fcf1c23f230:   00007fcf38009ad0 00007fcf1c23f2d0
0x00007fcf1c23f240:   00007fcf1c23f2b0 00007fcf3f6efc7e
0x00007fcf1c23f250:   0000000000000000 0000000000000000 

Instructions: (pc=0x00007fcf3f6ef133)
0x00007fcf3f6ef033:   00 48 8b 07 45 8d 6c 24 1c 45 01 ec ff 50 08 bf
0x00007fcf3f6ef043:   10 00 00 00 41 89 c0 48 8b 43 48 48 8d 50 1c 49
0x00007fcf3f6ef053:   01 c5 48 89 53 50 44 89 e2 48 01 c2 4c 89 6b 58
0x00007fcf3f6ef063:   48 89 53 60 43 8d 14 04 48 01 d0 48 89 43 68 e8
0x00007fcf3f6ef073:   79 f0 ff ff 48 8b 53 10 48 85 c0 48 89 18 48 89
0x00007fcf3f6ef083:   50 08 48 89 43 70 0f 95 c0 e9 a7 fe ff ff 90 66
0x00007fcf3f6ef093:   66 2e 0f 1f 84 00 00 00 00 00 0f 1f 00 0f b6 07
0x00007fcf3f6ef0a3:   89 f2 48 8d 4f 01 84 c0 74 19 0f 1f 00 69 d2 93
0x00007fcf3f6ef0b3:   01 00 01 48 83 c1 01 31 c2 0f b6 41 ff 84 c0 75
0x00007fcf3f6ef0c3:   ec 89 d6 89 f0 25 ff ff ff 7f c3 66 90 48 85 d2
0x00007fcf3f6ef0d3:   0f 84 d6 00 00 00 55 48 89 e5 41 55 41 54 41 89
0x00007fcf3f6ef0e3:   cc 53 48 83 ec 08 85 c9 0f 84 b6 00 00 00 49 89
0x00007fcf3f6ef0f3:   f5 48 89 d6 41 0f b6 55 00 49 8d 5d 01 84 d2 0f
0x00007fcf3f6ef103:   84 98 00 00 00 48 89 d9 b8 93 01 00 01 69 c0 93
0x00007fcf3f6ef113:   01 00 01 48 83 c1 01 31 d0 0f b6 51 ff 84 d2 75
0x00007fcf3f6ef123:   ec 25 ff ff ff 7f 31 d2 41 f7 f4 48 8b 07 89 d2
0x00007fcf3f6ef133:   8b 34 96 ff 50 20 85 c0 7f 1b 74 68 f7 d0 41 89
0x00007fcf3f6ef143:   c0 48 83 c4 08 44 89 c0 5b 41 5c 41 5d 5d c3 66
0x00007fcf3f6ef153:   0f 1f 44 00 00 41 0f b6 4d 00 89 c6 84 c9 74 1b
0x00007fcf3f6ef163:   0f 1f 44 00 00 69 f6 93 01 00